<?xml version="1.0" encoding="UTF-8"?>
<!-- Generated by org.testng.reporters.JUnitReportReporter -->
<testsuite hostname="NAG1-LHP-N76168" failures="0" tests="2" name="testNGDemos.DataDrivernTestingExcellnTestNG" time="3.115" errors="0" timestamp="2024-04-19T10:11:58 IST" skipped="0">
  <testcase classname="testNGDemos.DataDrivernTestingExcellnTestNG" name="loginTest" time="1.630"/>
  <testcase classname="testNGDemos.DataDrivernTestingExcellnTestNG" name="loginTest" time="1.485"/>
</testsuite> <!-- testNGDemos.DataDrivernTestingExcellnTestNG -->
